<?xml version="1.0" encoding="UTF-8"?>
<!-- Generated by org.testng.reporters.JUnitReportReporter -->
<testsuite hostname="IMTIAZ-PC" name="example.NewTest" tests="1" failures="0" timestamp="3 Jun 2016 18:00:12 GMT" time="5.621" errors="0">
  <testcase name="testEasy" time="5.621" classname="example.NewTest"/>
</testsuite> <!-- example.NewTest -->
