<?xml version="1.0" encoding="UTF-8"?>
<!-- Generated by org.testng.reporters.JUnitReportReporter -->
<testsuite hostname="Imtiaz-a-pc" name="Utilities.TestAdminLogin" tests="1" failures="0" timestamp="6 Mar 2018 18:15:29 GMT" time="0.006" errors="0">
  <testcase name="test_successful_Login" time="0.006" classname="Utilities.TestAdminLogin"/>
</testsuite> <!-- Utilities.TestAdminLogin -->
