<?xml version="1.0" encoding="UTF-8"?>
<!-- Generated by org.testng.reporters.JUnitReportReporter -->
<testsuite hostname="IMTIAZ-PC" name="runTests.TestAdminLogin" tests="1" failures="0" timestamp="1 Jul 2016 18:58:18 GMT" time="14.107" errors="0">
  <testcase name="test_successful_Login" time="14.107" classname="runTests.TestAdminLogin"/>
</testsuite> <!-- runTests.TestAdminLogin -->
