<?xml version="1.0" encoding="UTF-8"?>
<!-- Generated by org.testng.reporters.JUnitReportReporter -->
<testsuite hostname="Imtiaz-a-pc" name="Utilities.TestAdminLogin" tests="1" failures="0" timestamp="8 Feb 2017 21:47:26 GMT" time="0.613" errors="0">
  <testcase name="test_successful_Login" time="0.613" classname="Utilities.TestAdminLogin"/>
</testsuite> <!-- Utilities.TestAdminLogin -->
